Sample  bin_148
Selecting groups with:
14.8  <= log(M) <  20.0
0.1  <= z <  0.4
Profile has  40 bins
from  400.0 kpc to  5000.0 kpc
h  0.7
Nlenses 36
CORRIENDO EN  36  CORES
RUN  1  OF  1
TIME SLICE
2.3149841388066608
Estimated ramaining time
0.0
WARNING: VerifyWarning: Keyword name 'q2dr_mean' is greater than 8 characters or contains characters not allowed by the FITS standard; a HIERARCH card will be created. [astropy.io.fits.card]
WARNING: VerifyWarning: Keyword name 'q3dr_mean' is greater than 8 characters or contains characters not allowed by the FITS standard; a HIERARCH card will be created. [astropy.io.fits.card]
WARNING: VerifyWarning: Keyword name 's3dr_mean' is greater than 8 characters or contains characters not allowed by the FITS standard; a HIERARCH card will be created. [astropy.io.fits.card]
TOTAL TIME  2.325525112946828
Sample  bin_144
Selecting groups with:
14.4  <= log(M) <  14.6
0.1  <= z <  0.4
Profile has  40 bins
from  400.0 kpc to  5000.0 kpc
h  0.7
Nlenses 256
CORRIENDO EN  56  CORES
RUN  1  OF  5
TIME SLICE
2.8111995259920755
Estimated ramaining time
11.244798103968302
RUN  2  OF  5
TIME SLICE
3.0250203728675844
Estimated ramaining time
8.75432984828949
RUN  3  OF  5
TIME SLICE
2.742979383468628
Estimated ramaining time
5.719466188218859
RUN  4  OF  5
TIME SLICE
3.051372532049815
Estimated ramaining time
2.9076429535945256
RUN  5  OF  5
TIME SLICE
2.222895570596059
Estimated ramaining time
0.0
WARNING: VerifyWarning: Keyword name 'q2dr_mean' is greater than 8 characters or contains characters not allowed by the FITS standard; a HIERARCH card will be created. [astropy.io.fits.card]
WARNING: VerifyWarning: Keyword name 'q3dr_mean' is greater than 8 characters or contains characters not allowed by the FITS standard; a HIERARCH card will be created. [astropy.io.fits.card]
WARNING: VerifyWarning: Keyword name 's3dr_mean' is greater than 8 characters or contains characters not allowed by the FITS standard; a HIERARCH card will be created. [astropy.io.fits.card]
TOTAL TIME  13.858738660812378
Sample  bin_140
Selecting groups with:
14.0  <= log(M) <  14.2
0.1  <= z <  0.4
Profile has  40 bins
from  400.0 kpc to  5000.0 kpc
h  0.7
Nlenses 1108
CORRIENDO EN  56  CORES
forGroup_qprofile.py:230: RuntimeWarning: divide by zero encountered in true_divide
  theta  = np.array([np.zeros(sum(mlenses)),np.arctan(L.a2dy/L.a2dx),np.arctan(L.a2dry/L.a2drx)]).T
RUN  1  OF  20
TIME SLICE
3.310639826456706
Estimated ramaining time
62.90215670267741
RUN  2  OF  20
TIME SLICE
2.6691543300946554
Estimated ramaining time
53.818147408962254
RUN  3  OF  20
srun: Job step aborted: Waiting up to 32 seconds for job step to finish.
srun: got SIGCONT
slurmstepd: error: *** STEP 88911.2 ON clemente02 CANCELLED AT 2020-11-19T17:43:56 ***
slurmstepd: error: *** JOB 88911 ON clemente02 CANCELLED AT 2020-11-19T17:43:56 ***
srun: forcing job termination
